2021-02-08T07:52:12.367Z [api] error: ENOENT: no such file or directory, open 'https://marshaldiag268.blob.core.windows.net/media/file-3dd5ba66-8fc3-4e54-9b6d-7fbc10b2abbc.jfif'
2021-02-08T08:00:49.005Z [api] error: request is not defined
2021-02-08T08:01:44.989Z [api] error: The first argument must be of type string or an instance of Buffer, ArrayBuffer, or Array or an Array-like Object. Received an instance of IncomingMessage
2021-02-08T11:42:13.068Z [api] error: executeQueryInsert is not defined
2021-02-08T12:17:13.651Z [api] error: Cannot set headers after they are sent to the client
2021-02-08T12:19:40.439Z [api] error: Cannot set headers after they are sent to the client
2021-02-08T12:33:16.717Z [api] error: Cannot read property 'url' of undefined
2021-02-08T12:34:24.526Z [api] error: Cannot read property 'url' of undefined
2021-02-08T12:35:48.358Z [api] error: Cannot set headers after they are sent to the client
2021-02-08T12:37:28.515Z [api] error: tr is not defined
2021-02-08T12:42:55.778Z [api] error: Cannot set headers after they are sent to the client
2021-02-08T13:04:18.308Z [api] error: host is not defined
2021-02-08T13:27:13.762Z [api] error: Cannot set headers after they are sent to the client
2021-02-10T09:59:36.844Z [api] error: listen EADDRINUSE: address already in use :::8015
2021-02-10T10:00:30.402Z [api] error: listen EADDRINUSE: address already in use :::8015
2021-02-10T10:07:47.312Z [api] error: listen EADDRINUSE: address already in use :::8015
2021-03-01T07:17:34.910Z [api] error: Cannot read property 'release' of undefined
2021-03-01T07:19:34.628Z [api] error: Cannot read property 'release' of undefined
2021-03-01T07:46:46.742Z [api] error: Cannot set headers after they are sent to the client
2021-03-01T08:49:35.657Z [api] error: Cannot read property '0' of undefined
2021-03-01T08:50:14.076Z [api] error: Cannot set headers after they are sent to the client
2021-03-01T08:53:51.268Z [api] error: Cannot read property 'headers' of undefined
2021-03-01T08:55:02.510Z [api] error: Cannot set headers after they are sent to the client
2021-03-01T09:04:49.887Z [api] error: Cannot read property 'file_path' of undefined
2021-03-01T09:05:30.471Z [api] error: Cannot read property 'file_path' of undefined
2021-03-01T09:23:05.158Z [api] error: Cannot set headers after they are sent to the client
2021-03-01T09:23:45.501Z [api] error: Cannot set headers after they are sent to the client
2021-03-01T09:24:25.580Z [api] error: Cannot set headers after they are sent to the client
2021-03-01T10:17:04.879Z [api] error: Cannot read property 'file_path' of undefined
2021-03-01T10:37:04.567Z [api] error: Cannot set headers after they are sent to the client
2021-03-01T10:37:43.031Z [api] error: Cannot read property 'headers' of undefined
2021-03-01T10:38:44.379Z [api] error: Cannot read property 'headers' of undefined
2021-03-01T10:39:50.138Z [api] error: Cannot read property 'headers' of undefined
2021-03-01T10:40:10.431Z [api] error: Cannot read property 'headers' of undefined
2021-03-01T10:41:25.217Z [api] error: Cannot read property 'headers' of undefined
2021-03-01T10:41:52.543Z [api] error: Cannot read property 'headers' of undefined
2021-03-01T10:43:03.996Z [api] error: Cannot read property 'headers' of undefined
2021-03-01T10:43:47.620Z [api] error: Cannot read property 'headers' of undefined
2021-03-01T10:44:53.188Z [api] error: Cannot read property 'headers' of undefined
2021-03-01T10:47:11.022Z [api] error: Cannot set headers after they are sent to the client
2021-03-01T10:49:16.405Z [api] error: Cannot set headers after they are sent to the client
2021-03-01T10:52:31.320Z [api] error: Cannot set headers after they are sent to the client
2021-03-01T10:52:54.916Z [api] error: Cannot set headers after they are sent to the client
2021-03-01T10:53:59.477Z [api] error: Cannot set headers after they are sent to the client
2021-03-01T10:55:16.244Z [api] error: Cannot set headers after they are sent to the client
2021-03-01T10:56:16.443Z [api] error: Cannot set headers after they are sent to the client
2021-03-01T11:01:19.454Z [api] error: Cannot set headers after they are sent to the client
2021-03-01T11:01:22.576Z [api] error: bdoy is not defined
2021-03-01T11:02:56.139Z [api] error: Cannot set headers after they are sent to the client
2021-03-01T11:02:59.257Z [api] error: bdoy is not defined
2021-03-01T11:05:40.791Z [api] error: bdoy is not defined
2021-03-01T11:08:27.662Z [api] error: bdody is not defined
2021-03-03T12:00:45.210Z [api] error: logger is not defined
2021-03-03T12:47:18.868Z [api] error: Cannot set headers after they are sent to the client
2021-03-03T13:02:11.455Z [api] error: Cannot set headers after they are sent to the client
2021-03-03T13:25:31.448Z [api] error: Cannot use container. Check if provided options are correct.
2021-03-06T09:51:55.118Z [api] error: listen EADDRINUSE: address already in use :::8015
2021-03-06T09:56:53.700Z [api] error: listen EADDRINUSE: address already in use :::8015
2021-03-06T10:03:56.036Z [api] error: listen EADDRINUSE: address already in use :::8015
2021-03-06T10:04:06.208Z [api] error: listen EADDRINUSE: address already in use :::8015
2021-03-06T10:04:19.719Z [api] error: listen EADDRINUSE: address already in use :::8015
2021-03-06T10:04:45.794Z [api] error: listen EADDRINUSE: address already in use :::8015
2021-03-06T13:08:07.167Z [api] error: contents is not defined
2021-03-06T13:09:21.192Z [api] error: contents is not defined
2021-05-08T10:31:56.620Z [api] error: err2 is not defined
2021-05-08T19:43:40.818Z [api] error: Cannot read property 'release' of undefined
2021-05-08T19:45:49.792Z [api] error: Cannot set headers after they are sent to the client
2021-05-08T19:47:06.513Z [api] error: Cannot set headers after they are sent to the client
2021-05-08T19:48:31.435Z [api] error: Cannot set headers after they are sent to the client
2021-05-08T19:48:54.756Z [api] error: Cannot set headers after they are sent to the client
2021-05-08T19:56:19.527Z [api] error: Cannot set headers after they are sent to the client
2021-05-20T08:55:29.583Z [api] error: q.sql is not a function
