2021-03-01T10:37:04.567Z [api] error: Cannot set headers after they are sent to the client
2021-03-01T10:37:43.031Z [api] error: Cannot read property 'headers' of undefined
2021-03-01T10:38:44.379Z [api] error: Cannot read property 'headers' of undefined
2021-03-01T10:39:50.138Z [api] error: Cannot read property 'headers' of undefined
2021-03-01T10:40:10.431Z [api] error: Cannot read property 'headers' of undefined
2021-03-01T10:41:25.217Z [api] error: Cannot read property 'headers' of undefined
2021-03-01T10:41:52.543Z [api] error: Cannot read property 'headers' of undefined
2021-03-01T10:43:03.996Z [api] error: Cannot read property 'headers' of undefined
2021-03-01T10:43:47.620Z [api] error: Cannot read property 'headers' of undefined
2021-03-01T10:44:53.188Z [api] error: Cannot read property 'headers' of undefined
2021-03-01T10:47:11.022Z [api] error: Cannot set headers after they are sent to the client
2021-03-01T10:49:16.405Z [api] error: Cannot set headers after they are sent to the client
2021-03-01T10:52:31.320Z [api] error: Cannot set headers after they are sent to the client
2021-03-01T10:52:54.916Z [api] error: Cannot set headers after they are sent to the client
2021-03-01T10:53:59.477Z [api] error: Cannot set headers after they are sent to the client
2021-03-01T10:55:16.244Z [api] error: Cannot set headers after they are sent to the client
2021-03-01T10:56:16.443Z [api] error: Cannot set headers after they are sent to the client
2021-03-01T11:01:19.454Z [api] error: Cannot set headers after they are sent to the client
2021-03-01T11:01:22.576Z [api] error: bdoy is not defined
2021-03-01T11:02:56.139Z [api] error: Cannot set headers after they are sent to the client
2021-03-01T11:02:59.257Z [api] error: bdoy is not defined
2021-03-01T11:05:40.791Z [api] error: bdoy is not defined
2021-03-01T11:08:27.662Z [api] error: bdody is not defined
2021-03-03T12:00:45.210Z [api] error: logger is not defined
2021-03-03T12:47:18.868Z [api] error: Cannot set headers after they are sent to the client
2021-03-03T13:02:11.455Z [api] error: Cannot set headers after they are sent to the client
2021-03-03T13:25:31.448Z [api] error: Cannot use container. Check if provided options are correct.
2021-03-06T09:51:55.118Z [api] error: listen EADDRINUSE: address already in use :::8015
2021-03-06T09:56:53.700Z [api] error: listen EADDRINUSE: address already in use :::8015
2021-03-06T10:03:56.036Z [api] error: listen EADDRINUSE: address already in use :::8015
2021-03-06T10:04:06.208Z [api] error: listen EADDRINUSE: address already in use :::8015
2021-03-06T10:04:19.719Z [api] error: listen EADDRINUSE: address already in use :::8015
2021-03-06T10:04:45.794Z [api] error: listen EADDRINUSE: address already in use :::8015
2021-03-06T13:08:07.167Z [api] error: contents is not defined
2021-03-06T13:09:21.192Z [api] error: contents is not defined
2021-05-08T10:31:56.620Z [api] error: err2 is not defined
2021-05-08T19:43:40.818Z [api] error: Cannot read property 'release' of undefined
2021-05-08T19:45:49.792Z [api] error: Cannot set headers after they are sent to the client
2021-05-08T19:47:06.513Z [api] error: Cannot set headers after they are sent to the client
2021-05-08T19:48:31.435Z [api] error: Cannot set headers after they are sent to the client
2021-05-08T19:48:54.756Z [api] error: Cannot set headers after they are sent to the client
2021-05-08T19:56:19.527Z [api] error: Cannot set headers after they are sent to the client
2021-05-20T08:55:29.583Z [api] error: q.sql is not a function
